2 3 5 7 10 11 13 17 9 19 21 6 20 22 23 24 1 12 14 4 15 18 8 16 25

1 3 2 4

2 5 8 9 11 13 15 19 20 21 22 24 29 30 32 38 35 42 46 37 48 49 50 52 10 18 43 53 54 55 6 16 23 31 39 33 40 45 4 7 12 26 28 25 36 41 44 47 14 17 51 3 1 27 34 56

1 3 13 16 19 20 22 26 36 37 38 40 41 42 49 51 52 54 58 59 60 66 68 9 43 71 72 45 64 74 6 11 12 18 23 28 30 31 35 39 53 62 69 73 44 46 75 25 48 50 78 4 5 17 24 27 61 7 15 47 14 57 70 77 2 10 21 29 33 34 8 56 63 67 65 55 76 32 79

1 3 4 5 6 2 7 8 9

1 3 4 5 6 7 8 9 10 11 12 13 14 15 16 17 18 19 20 21 22 23 24 25 26 27 28 2 29

2 3 5 7 8 9 10 12 14 15 16 20 21 13 23 4 24 25 26 27 19 29 31 32 6 28 30 17 18 11 1 22 33

3 11 18 20 24 27 35 47 49 52 5 15 34 53 56 59 60 2 14 17 23 29 43 48 54 8 10 33 25 46 61 62 1 13 16 21 26 31 36 37 39 40 12 41 45 55 19 57 22 28 51 58 4 6 7 9 30 32 44 38 50 42 63

1 3 4 5 6 7 8 9 11 12 13 15 2 10 14 16 17

1 2 3 4 6 8 10 11 14 16 17 18 21 25 26 27 29 30 31 32 33 35 36 38 39 43 44 48 49 50 51 52 53 57 59 60 58 61 62 63 64 65 66 22 67 69 13 71 72 74 12 24 47 76 77 78 5 9 15 20 23 34 40 41 42 46 56 70 73 19 7 28 37 45 55 54 68 75 79

4 6 10 11 16 17 23 24 26 28 30 35 36 32 40 42 45 47 8 49 51 63 12 64 65 19 66 2 55 67 69 3 9 15 18 25 50 59 62 71 72 74 76 77 20 31 33 39 61 78 82 83 1 5 7 13 14 21 22 27 34 37 38 41 43 46 29 52 56 57 58 68 73 79 80 84 75 85 44 48 53 54 60 81 70 86

4 7 8 11 12 15 22 23 25 38 39 43 45 46 47 55 57 2 58 64 69 29 70 72 74 77 19 80 10 32 50 51 84 31 37 85 24 27 62 89 13 28 71 91 16 40 61 92 9 14 18 34 52 54 78 82 88 90 94 96 3 5 6 20 21 30 33 35 36 41 44 48 56 59 63 65 66 67 73 81 83 86 87 93 26 76 97 75 79 1 17 42 60 49 95 53 68 98

1

2 3 5 6 8 10 11 12 13 14 15 22 23 24 25 26 27 29 30 31 33 34 35 38 41 42 45 46 47 48 51 52 54 56 58 59 63 65 67 69 70 71 72 73 74 16 75 76 77 80 81 82 83 84 85 86 89 19 90 57 9 32 60 91 49 79 4 92 17 64 1 36 62 68 53 94 20 21 39 43 61 78 87 88 44 55 7 50 18 37 40 93 28 66 95

1 8 9 12 14 16 19 22 23 33 34 37 38 25 41 43 15 46 40 47 39 55 32 42 44 56 26 45 7 52 53 57 3 18 20 21 24 28 29 30 31 35 27 36 6 10 11 49 2 4 13 17 50 51 54 48 5 58

1 2 3 4 5 6 7 8 9 10 13 14 15 16 18 19 20 23 24 25 26 27 31 33 34 35 36 37 38 40 44 45 46 47 50 51 53 54 55 57 58 59 61 62 65 49 60 66 69 70 29 43 72 56 74 11 76 63 77 68 78 17 28 30 32 39 64 67 12 71 21 75 79 80 22 42 48 52 41 73 81

3 15 16 17 19 33 48 57 58 66 5 60 77 32 34 38 45 10 31 52 68 69 78 80 84 6 12 30 4 23 26 36 39 44 49 53 54 55 59 61 65 37 71 74 28 82 2 63 70 81 83 21 40 86 24 46 56 62 67 72 75 88 1 14 18 27 20 41 25 42 22 29 35 43 47 51 64 7 8 9 11 13 73 76 79 85 87 50 89

1 6 14 15 20 21 3 12 7 13 19 22 9 8 2 10 11 17 4 5 16 23 18 24 25 26

1 5 7 9 10 18 12 19 26 16 21 22 4 6 8 2 14 3 13 15 17 20 23 24 11 25 27

1

1 2 3 8 11 12 15 16 17 18 19 20 5 9 13 7 6 4 14 10 21

8 9 11 13 16 17 18 7 20 21 24 35 40 38 41 42 57 64 67 14 25 46 69 51 72 78 84 45 47 29 32 50 65 87 6 12 39 43 60 68 70 36 71 81 82 90 23 28 61 62 86 91 1 3 15 27 31 49 52 26 58 37 59 83 85 2 44 54 5 33 66 76 4 10 63 73 74 80 48 88 22 30 75 77 89 55 34 56 19 79 53 92

